Project migration to XML Schema (XSD) version 86 is completed.
Project migration to XML Schema (XSD) version 87 is completed.
Project migration to XML Schema (XSD) version 88 is completed.
Project migration to XML Schema (XSD) version 89 is completed.
The .xml file for plugin 'Wwise Convolution Reverb' is missing or is invalid.
\Effects\Factory Altiverb - Outdoor and More\Altiverb - Outdoor and More\Outdoor Alley\Alley_Intimate uses the audio effect plugin 'Wwise Convolution Reverb', which is not installed.
The .xml file for plugin 'Wwise Convolution Reverb' is missing or is invalid.
\Effects\Factory Altiverb - Outdoor and More\Altiverb - Outdoor and More\Outdoor Alley\LongDeepAlley uses the audio effect plugin 'Wwise Convolution Reverb', which is not installed.
The .xml file for plugin 'Wwise Convolution Reverb' is missing or is invalid.
\Effects\Factory Altiverb - Outdoor and More\Altiverb - Outdoor and More\Outdoor Alley\NarrowShortAlley uses the audio effect plugin 'Wwise Convolution Reverb', which is not installed.
The .xml file for plugin 'Wwise Convolution Reverb' is missing or is invalid.
\Effects\Factory Altiverb - Outdoor and More\Altiverb - Outdoor and More\Outdoor Field\DistantBuilding_MicsClose uses the audio effect plugin 'Wwise Convolution Reverb', which is not installed.
The .xml file for plugin 'Wwise Convolution Reverb' is missing or is invalid.
\Effects\Factory Altiverb - Outdoor and More\Altiverb - Outdoor and More\Outdoor Field\DistantBuilding_MicsFar uses the audio effect plugin 'Wwise Convolution Reverb', which is not installed.
The .xml file for plugin 'Wwise Convolution Reverb' is missing or is invalid.
\Effects\Factory Altiverb - Outdoor and More\Altiverb - Outdoor and More\Outdoor Forest\ForestAuterlitz_BetweenTrees uses the audio effect plugin 'Wwise Convolution Reverb', which is not installed.
The .xml file for plugin 'Wwise Convolution Reverb' is missing or is invalid.
\Effects\Factory Altiverb - Outdoor and More\Altiverb - Outdoor and More\Outdoor Forest\ForestAuterlitz_DenseClose uses the audio effect plugin 'Wwise Convolution Reverb', which is not installed.
The .xml file for plugin 'Wwise Convolution Reverb' is missing or is invalid.
\Effects\Factory Altiverb - Outdoor and More\Altiverb - Outdoor and More\Outdoor Forest\ForestAuterlitz_DenseFar uses the audio effect plugin 'Wwise Convolution Reverb', which is not installed.
The .xml file for plugin 'Wwise Convolution Reverb' is missing or is invalid.
\Effects\Factory Altiverb - Outdoor and More\Altiverb - Outdoor and More\Outdoor Forest\ForestAuterlitz_WideOpen uses the audio effect plugin 'Wwise Convolution Reverb', which is not installed.
The .xml file for plugin 'Wwise Convolution Reverb' is missing or is invalid.
\Effects\Factory Altiverb - Outdoor and More\Altiverb - Outdoor and More\Outdoor Tunnel\Tunnel uses the audio effect plugin 'Wwise Convolution Reverb', which is not installed.
The .xml file for plugin 'Wwise Convolution Reverb' is missing or is invalid.
\Effects\Factory Altiverb - Outdoor and More\Altiverb - Outdoor and More\Outdoor Street\CloseEcho uses the audio effect plugin 'Wwise Convolution Reverb', which is not installed.
The .xml file for plugin 'Wwise Convolution Reverb' is missing or is invalid.
\Effects\Factory Altiverb - Outdoor and More\Altiverb - Outdoor and More\Outdoor Street\ComplexEcho uses the audio effect plugin 'Wwise Convolution Reverb', which is not installed.
The .xml file for plugin 'Wwise Convolution Reverb' is missing or is invalid.
\Effects\Factory Altiverb - Outdoor and More\Altiverb - Outdoor and More\Outdoor Street\ComplexDistantEcho uses the audio effect plugin 'Wwise Convolution Reverb', which is not installed.
The .xml file for plugin 'Wwise Convolution Reverb' is missing or is invalid.
\Effects\Factory Altiverb - Outdoor and More\Altiverb - Outdoor and More\Outdoor Street\DistantEcho uses the audio effect plugin 'Wwise Convolution Reverb', which is not installed.
The .xml file for plugin 'Wwise Convolution Reverb' is missing or is invalid.
\Effects\Factory Altiverb - Outdoor and More\Altiverb - Outdoor and More\Outdoor Street\DistantSlaps uses the audio effect plugin 'Wwise Convolution Reverb', which is not installed.
The .xml file for plugin 'Wwise Convolution Reverb' is missing or is invalid.
\Effects\Factory Altiverb - Outdoor and More\Altiverb - Outdoor and More\Outdoor Street\EquallySpacedEchoes uses the audio effect plugin 'Wwise Convolution Reverb', which is not installed.
The .xml file for plugin 'Wwise Convolution Reverb' is missing or is invalid.
\Effects\Factory Altiverb - Outdoor and More\Altiverb - Outdoor and More\Outdoor Street\LongAndComplex uses the audio effect plugin 'Wwise Convolution Reverb', which is not installed.
The .xml file for plugin 'Wwise Convolution Reverb' is missing or is invalid.
\Effects\Factory Altiverb - Outdoor and More\Altiverb - Outdoor and More\Outdoor Street\LoudEcho uses the audio effect plugin 'Wwise Convolution Reverb', which is not installed.
The .xml file for plugin 'Wwise Convolution Reverb' is missing or is invalid.
\Effects\Factory Altiverb - Outdoor and More\Altiverb - Outdoor and More\Outdoor Street\LongNoEchoes uses the audio effect plugin 'Wwise Convolution Reverb', which is not installed.
The .xml file for plugin 'Wwise Convolution Reverb' is missing or is invalid.
\Effects\Factory Altiverb - Outdoor and More\Altiverb - Outdoor and More\Outdoor Street\LongSixWideEchoes uses the audio effect plugin 'Wwise Convolution Reverb', which is not installed.
The .xml file for plugin 'Wwise Convolution Reverb' is missing or is invalid.
\Effects\Factory Altiverb - Outdoor and More\Altiverb - Outdoor and More\Outdoor Street\OpenThreeEchoes uses the audio effect plugin 'Wwise Convolution Reverb', which is not installed.
The .xml file for plugin 'Wwise Convolution Reverb' is missing or is invalid.
\Effects\Factory Altiverb - Outdoor and More\Altiverb - Outdoor and More\Outdoor Street\OpenShortTwoEchoes uses the audio effect plugin 'Wwise Convolution Reverb', which is not installed.
The .xml file for plugin 'Wwise Convolution Reverb' is missing or is invalid.
\Effects\Factory Altiverb - Outdoor and More\Altiverb - Outdoor and More\Outdoor Street\PheeeewEcho_01 uses the audio effect plugin 'Wwise Convolution Reverb', which is not installed.
The .xml file for plugin 'Wwise Convolution Reverb' is missing or is invalid.
\Effects\Factory Altiverb - Outdoor and More\Altiverb - Outdoor and More\Outdoor Street\PheeeewEcho_02 uses the audio effect plugin 'Wwise Convolution Reverb', which is not installed.
The .xml file for plugin 'Wwise Convolution Reverb' is missing or is invalid.
\Effects\Factory Altiverb - Outdoor and More\Altiverb - Outdoor and More\Outdoor Street\SlapsEchoClose uses the audio effect plugin 'Wwise Convolution Reverb', which is not installed.
The .xml file for plugin 'Wwise Convolution Reverb' is missing or is invalid.
\Effects\Factory Altiverb - Outdoor and More\Altiverb - Outdoor and More\Outdoor Street\SmoothIntimate uses the audio effect plugin 'Wwise Convolution Reverb', which is not installed.
The .xml file for plugin 'Wwise Convolution Reverb' is missing or is invalid.
\Effects\Factory Altiverb - Outdoor and More\Altiverb - Outdoor and More\Outdoor Street\TwoFarBuildings uses the audio effect plugin 'Wwise Convolution Reverb', which is not installed.
The .xml file for plugin 'Wwise Convolution Reverb' is missing or is invalid.
\Effects\Factory Altiverb - Outdoor and More\Altiverb - Outdoor and More\Outdoor Street\WideEcho uses the audio effect plugin 'Wwise Convolution Reverb', which is not installed.
The .xml file for plugin 'Wwise Convolution Reverb' is missing or is invalid.
\Effects\Factory Altiverb - Outdoor and More\Altiverb - Outdoor and More\Outdoor Street\WideWithCars uses the audio effect plugin 'Wwise Convolution Reverb', which is not installed.
The .xml file for plugin 'Wwise Convolution Reverb' is missing or is invalid.
\Effects\Factory Altiverb - Outdoor and More\Altiverb - Outdoor and More\Domestic\Attic_01 uses the audio effect plugin 'Wwise Convolution Reverb', which is not installed.
The .xml file for plugin 'Wwise Convolution Reverb' is missing or is invalid.
\Effects\Factory Altiverb - Outdoor and More\Altiverb - Outdoor and More\Domestic\Attic_02 uses the audio effect plugin 'Wwise Convolution Reverb', which is not installed.
The .xml file for plugin 'Wwise Convolution Reverb' is missing or is invalid.
\Effects\Factory Altiverb - Outdoor and More\Altiverb - Outdoor and More\Domestic\Bathroom uses the audio effect plugin 'Wwise Convolution Reverb', which is not installed.
The .xml file for plugin 'Wwise Convolution Reverb' is missing or is invalid.
\Effects\Factory Altiverb - Outdoor and More\Altiverb - Outdoor and More\Domestic\Bedroom uses the audio effect plugin 'Wwise Convolution Reverb', which is not installed.
The .xml file for plugin 'Wwise Convolution Reverb' is missing or is invalid.
\Effects\Factory Altiverb - Outdoor and More\Altiverb - Outdoor and More\Domestic\Classroom uses the audio effect plugin 'Wwise Convolution Reverb', which is not installed.
The .xml file for plugin 'Wwise Convolution Reverb' is missing or is invalid.
\Effects\Factory Altiverb - Outdoor and More\Altiverb - Outdoor and More\Domestic\Corridor uses the audio effect plugin 'Wwise Convolution Reverb', which is not installed.
The .xml file for plugin 'Wwise Convolution Reverb' is missing or is invalid.
\Effects\Factory Altiverb - Outdoor and More\Altiverb - Outdoor and More\Domestic\Hallway uses the audio effect plugin 'Wwise Convolution Reverb', which is not installed.
The .xml file for plugin 'Wwise Convolution Reverb' is missing or is invalid.
\Effects\Factory Altiverb - Outdoor and More\Altiverb - Outdoor and More\Domestic\LivingRoom_01 uses the audio effect plugin 'Wwise Convolution Reverb', which is not installed.
The .xml file for plugin 'Wwise Convolution Reverb' is missing or is invalid.
\Effects\Factory Altiverb - Outdoor and More\Altiverb - Outdoor and More\Domestic\LivingRoom_02 uses the audio effect plugin 'Wwise Convolution Reverb', which is not installed.
The .xml file for plugin 'Wwise Convolution Reverb' is missing or is invalid.
\Effects\Factory Altiverb - Outdoor and More\Altiverb - Outdoor and More\Domestic\SchoolHall uses the audio effect plugin 'Wwise Convolution Reverb', which is not installed.
The .xml file for plugin 'Wwise Convolution Reverb' is missing or is invalid.
\Effects\Factory Altiverb - Outdoor and More\Altiverb - Outdoor and More\Domestic\Staircase uses the audio effect plugin 'Wwise Convolution Reverb', which is not installed.
The .xml file for plugin 'Wwise Convolution Reverb' is missing or is invalid.
\Effects\Factory Altiverb - Outdoor and More\Altiverb - Outdoor and More\Misc\FireDepartment uses the audio effect plugin 'Wwise Convolution Reverb', which is not installed.
The .xml file for plugin 'Wwise Convolution Reverb' is missing or is invalid.
\Effects\Factory Altiverb - Outdoor and More\Altiverb - Outdoor and More\Transport\Beetle uses the audio effect plugin 'Wwise Convolution Reverb', which is not installed.
The .xml file for plugin 'Wwise Convolution Reverb' is missing or is invalid.
\Effects\Factory Altiverb - Outdoor and More\Altiverb - Outdoor and More\Transport\Ford_TransitVanRear uses the audio effect plugin 'Wwise Convolution Reverb', which is not installed.
The .xml file for plugin 'Wwise Convolution Reverb' is missing or is invalid.
\Effects\Factory Altiverb - Outdoor and More\Altiverb - Outdoor and More\Transport\Helicopter_Sikorski uses the audio effect plugin 'Wwise Convolution Reverb', which is not installed.
The .xml file for plugin 'Wwise Convolution Reverb' is missing or is invalid.
\Effects\Factory Altiverb - Outdoor and More\Altiverb - Outdoor and More\Transport\Honda_Element uses the audio effect plugin 'Wwise Convolution Reverb', which is not installed.
The .xml file for plugin 'Wwise Convolution Reverb' is missing or is invalid.
\Effects\Factory Altiverb - Outdoor and More\Altiverb - Outdoor and More\Transport\Honda_ElementRear uses the audio effect plugin 'Wwise Convolution Reverb', which is not installed.
The .xml file for plugin 'Wwise Convolution Reverb' is missing or is invalid.
\Effects\Factory Altiverb - Outdoor and More\Altiverb - Outdoor and More\Transport\Peugeot_PartnerFront uses the audio effect plugin 'Wwise Convolution Reverb', which is not installed.
The .xml file for plugin 'Wwise Convolution Reverb' is missing or is invalid.
\Effects\Factory Altiverb - Outdoor and More\Altiverb - Outdoor and More\Transport\Peugeot_PartnerBackClosed uses the audio effect plugin 'Wwise Convolution Reverb', which is not installed.
The .xml file for plugin 'Wwise Convolution Reverb' is missing or is invalid.
\Effects\Factory Altiverb - Outdoor and More\Altiverb - Outdoor and More\Transport\Train_BlueAngel uses the audio effect plugin 'Wwise Convolution Reverb', which is not installed.
The .xml file for plugin 'Wwise Convolution Reverb' is missing or is invalid.
\Effects\Factory Convolution Reverb Effects Ambisonics\Cathedrals and Churches\Dark_Cathedral_Ambisonics uses the audio effect plugin 'Wwise Convolution Reverb', which is not installed.
The .xml file for plugin 'Wwise Convolution Reverb' is missing or is invalid.
\Effects\Factory Convolution Reverb Effects Ambisonics\Cathedrals and Churches\Colossal_Cathedral_Ambisonics uses the audio effect plugin 'Wwise Convolution Reverb', which is not installed.
The .xml file for plugin 'Wwise Convolution Reverb' is missing or is invalid.
\Effects\Factory Convolution Reverb Effects Ambisonics\Cathedrals and Churches\Lost_in_a_Cathedral_Ambisonics uses the audio effect plugin 'Wwise Convolution Reverb', which is not installed.
The .xml file for plugin 'Wwise Convolution Reverb' is missing or is invalid.
\Effects\Factory Convolution Reverb Effects Ambisonics\Cathedrals and Churches\Filtered_Cathedral_Ambisonics uses the audio effect plugin 'Wwise Convolution Reverb', which is not installed.
The .xml file for plugin 'Wwise Convolution Reverb' is missing or is invalid.
\Effects\Factory Convolution Reverb Effects Ambisonics\Cathedrals and Churches\Famous_Church_Ambisonics uses the audio effect plugin 'Wwise Convolution Reverb', which is not installed.
The .xml file for plugin 'Wwise Convolution Reverb' is missing or is invalid.
\Effects\Factory Convolution Reverb Effects Ambisonics\Cathedrals and Churches\Medium_Church_Ambisonics uses the audio effect plugin 'Wwise Convolution Reverb', which is not installed.
The .xml file for plugin 'Wwise Convolution Reverb' is missing or is invalid.
\Effects\Factory Convolution Reverb Effects Ambisonics\Cathedrals and Churches\MediumChurch_Org_Ambisonics uses the audio effect plugin 'Wwise Convolution Reverb', which is not installed.
The .xml file for plugin 'Wwise Convolution Reverb' is missing or is invalid.
\Effects\Factory Convolution Reverb Effects Ambisonics\Cathedrals and Churches\StKatharinen_Org_Ambisonics uses the audio effect plugin 'Wwise Convolution Reverb', which is not installed.
The .xml file for plugin 'Wwise Convolution Reverb' is missing or is invalid.
\Effects\Factory Convolution Reverb Effects Ambisonics\Large Spaces\HamburgParkhaus_Ambisonics uses the audio effect plugin 'Wwise Convolution Reverb', which is not installed.
The .xml file for plugin 'Wwise Convolution Reverb' is missing or is invalid.
\Effects\Factory Convolution Reverb Effects Ambisonics\Large Spaces\Space_Ship_Ambisonics uses the audio effect plugin 'Wwise Convolution Reverb', which is not installed.
The .xml file for plugin 'Wwise Convolution Reverb' is missing or is invalid.
\Effects\Factory Convolution Reverb Effects Ambisonics\Large Spaces\Bright_Metallic_Space_Ambisonics uses the audio effect plugin 'Wwise Convolution Reverb', which is not installed.
The .xml file for plugin 'Wwise Convolution Reverb' is missing or is invalid.
\Effects\Factory Convolution Reverb Effects Ambisonics\Large Spaces\Large_Warehouse_Ambisonics uses the audio effect plugin 'Wwise Convolution Reverb', which is not installed.
The .xml file for plugin 'Wwise Convolution Reverb' is missing or is invalid.
\Effects\Factory Convolution Reverb Effects Ambisonics\Large Spaces\Stair_Way_Hall_Org_Ambisonics uses the audio effect plugin 'Wwise Convolution Reverb', which is not installed.
The .xml file for plugin 'Wwise Convolution Reverb' is missing or is invalid.
\Effects\Factory Convolution Reverb Effects Ambisonics\Large Spaces\Hamburg_Parkhaus_Org_Ambisonics uses the audio effect plugin 'Wwise Convolution Reverb', which is not installed.
The .xml file for plugin 'Wwise Convolution Reverb' is missing or is invalid.
\Effects\Factory Convolution Reverb Effects Ambisonics\Large Spaces\Hamburg_Fabrik_SCOUT_Org_Ambisonics uses the audio effect plugin 'Wwise Convolution Reverb', which is not installed.
The .xml file for plugin 'Wwise Convolution Reverb' is missing or is invalid.
\Effects\Factory Convolution Reverb Effects Ambisonics\Large Spaces\Hamburg_Fabrik_Org_Ambisonics uses the audio effect plugin 'Wwise Convolution Reverb', which is not installed.
The .xml file for plugin 'Wwise Convolution Reverb' is missing or is invalid.
\Effects\Factory Convolution Reverb Effects Ambisonics\Halls\Large_Bright_Space_Ambisonics uses the audio effect plugin 'Wwise Convolution Reverb', which is not installed.
The .xml file for plugin 'Wwise Convolution Reverb' is missing or is invalid.
\Effects\Factory Convolution Reverb Effects Ambisonics\Halls\Lecture_Hall_Ambisonics uses the audio effect plugin 'Wwise Convolution Reverb', which is not installed.
The .xml file for plugin 'Wwise Convolution Reverb' is missing or is invalid.
\Effects\Factory Convolution Reverb Effects Ambisonics\Halls\Dark_Hall_Ambisonics uses the audio effect plugin 'Wwise Convolution Reverb', which is not installed.
The .xml file for plugin 'Wwise Convolution Reverb' is missing or is invalid.
\Effects\Factory Convolution Reverb Effects Ambisonics\Halls\Short_Hall_Ambisonics uses the audio effect plugin 'Wwise Convolution Reverb', which is not installed.
The .xml file for plugin 'Wwise Convolution Reverb' is missing or is invalid.
\Effects\Factory Convolution Reverb Effects Ambisonics\Halls\Crowded_Hall_Ambisonics uses the audio effect plugin 'Wwise Convolution Reverb', which is not installed.
The .xml file for plugin 'Wwise Convolution Reverb' is missing or is invalid.
\Effects\Factory Convolution Reverb Effects Ambisonics\Halls\Brasilien_Halle_Org_Ambisonics uses the audio effect plugin 'Wwise Convolution Reverb', which is not installed.
The .xml file for plugin 'Wwise Convolution Reverb' is missing or is invalid.
\Effects\Factory Convolution Reverb Effects Ambisonics\Halls\BerlinTeldex_Org_Ambisonics uses the audio effect plugin 'Wwise Convolution Reverb', which is not installed.
The .xml file for plugin 'Wwise Convolution Reverb' is missing or is invalid.
\Effects\Factory Convolution Reverb Effects Ambisonics\Halls\Berlin_Stadtbad_Org_Ambisonics uses the audio effect plugin 'Wwise Convolution Reverb', which is not installed.
The .xml file for plugin 'Wwise Convolution Reverb' is missing or is invalid.
\Effects\Factory Convolution Reverb Effects Ambisonics\Rooms\Bright_Echo_Chamber_Ambisonics uses the audio effect plugin 'Wwise Convolution Reverb', which is not installed.
The .xml file for plugin 'Wwise Convolution Reverb' is missing or is invalid.
\Effects\Factory Convolution Reverb Effects Ambisonics\Rooms\Damped_Chamber_Ambisonics uses the audio effect plugin 'Wwise Convolution Reverb', which is not installed.
The .xml file for plugin 'Wwise Convolution Reverb' is missing or is invalid.
\Effects\Factory Convolution Reverb Effects Ambisonics\Rooms\Blue_Reflective_Room_Ambisonics uses the audio effect plugin 'Wwise Convolution Reverb', which is not installed.
The .xml file for plugin 'Wwise Convolution Reverb' is missing or is invalid.
\Effects\Factory Convolution Reverb Effects Ambisonics\Rooms\Resonant_Room_Ambisonics uses the audio effect plugin 'Wwise Convolution Reverb', which is not installed.
The .xml file for plugin 'Wwise Convolution Reverb' is missing or is invalid.
\Effects\Factory Convolution Reverb Effects Ambisonics\Rooms\Bright_Room_Ambisonics uses the audio effect plugin 'Wwise Convolution Reverb', which is not installed.
The .xml file for plugin 'Wwise Convolution Reverb' is missing or is invalid.
\Effects\Factory Convolution Reverb Effects Ambisonics\Rooms\Live_Room_Ambisonics uses the audio effect plugin 'Wwise Convolution Reverb', which is not installed.
The .xml file for plugin 'Wwise Convolution Reverb' is missing or is invalid.
\Effects\Factory Convolution Reverb Effects Ambisonics\Rooms\Petite_Room_Ambisonics uses the audio effect plugin 'Wwise Convolution Reverb', which is not installed.
The .xml file for plugin 'Wwise Convolution Reverb' is missing or is invalid.
\Effects\Factory Convolution Reverb Effects Ambisonics\Rooms\Intimate_Room_Ambisonics uses the audio effect plugin 'Wwise Convolution Reverb', which is not installed.
The .xml file for plugin 'Wwise Convolution Reverb' is missing or is invalid.
\Effects\Factory Convolution Reverb Effects Ambisonics\Rooms\Gated_Metallic_Reflections_Ambisonics uses the audio effect plugin 'Wwise Convolution Reverb', which is not installed.
The .xml file for plugin 'Wwise Convolution Reverb' is missing or is invalid.
\Effects\Factory Convolution Reverb Effects Ambisonics\Rooms\BlueNoise_Room_02_Org_Ambisonics uses the audio effect plugin 'Wwise Convolution Reverb', which is not installed.
The .xml file for plugin 'Wwise Convolution Reverb' is missing or is invalid.
\Effects\Factory Convolution Reverb Effects Ambisonics\Rooms\Hamburg_Echo_Chamber_Org_Ambisonics uses the audio effect plugin 'Wwise Convolution Reverb', which is not installed.
The .xml file for plugin 'Wwise Convolution Reverb' is missing or is invalid.
\Effects\Factory Convolution Reverb Effects Ambisonics\Rooms\BlueNoise_Room_01_Org_Ambisonics uses the audio effect plugin 'Wwise Convolution Reverb', which is not installed.
The .xml file for plugin 'Wwise Convolution Reverb' is missing or is invalid.
\Effects\Factory Convolution Reverb Effects Ambisonics\Rooms\BlueNoise_Room_03_Org_Ambisonics uses the audio effect plugin 'Wwise Convolution Reverb', which is not installed.
The .xml file for plugin 'Wwise Convolution Reverb' is missing or is invalid.
\Effects\Factory Convolution Reverb Effects Ambisonics\Rooms\Hamburg_Karl_Schneider_Halle_Org_Ambisonics uses the audio effect plugin 'Wwise Convolution Reverb', which is not installed.
The .xml file for plugin 'Wwise Convolution Reverb' is missing or is invalid.
\Effects\Factory Convolution Reverb Effects Ambisonics\Rooms\Hamburg_Pinguin_Buro_Org_Ambisonics uses the audio effect plugin 'Wwise Convolution Reverb', which is not installed.
The .xml file for plugin 'Wwise Convolution Reverb' is missing or is invalid.
\Effects\Factory Convolution Reverb Effects Ambisonics\Rooms\Luna_Studio_Org_Ambisonics uses the audio effect plugin 'Wwise Convolution Reverb', which is not installed.
The .xml file for plugin 'Wwise Convolution Reverb' is missing or is invalid.
\Effects\Factory Convolution Reverb Effects Ambisonics\Exteriors\HamburgHarburgerSee_Slap_01_Ambisonics uses the audio effect plugin 'Wwise Convolution Reverb', which is not installed.
The .xml file for plugin 'Wwise Convolution Reverb' is missing or is invalid.
\Effects\Factory Convolution Reverb Effects Ambisonics\Exteriors\HamburgHarburgerSee_Slap_02_Ambisonics uses the audio effect plugin 'Wwise Convolution Reverb', which is not installed.
The .xml file for plugin 'Wwise Convolution Reverb' is missing or is invalid.
\Effects\Factory Convolution Reverb Effects Ambisonics\Exteriors\HamburgStadtpark_Dense_Reflections_Ambisonics uses the audio effect plugin 'Wwise Convolution Reverb', which is not installed.
The .xml file for plugin 'Wwise Convolution Reverb' is missing or is invalid.
\Effects\Factory Convolution Reverb Effects Ambisonics\Exteriors\HamburgVolksdorferWald_Diffusion_Ambisonics uses the audio effect plugin 'Wwise Convolution Reverb', which is not installed.
The .xml file for plugin 'Wwise Convolution Reverb' is missing or is invalid.
\Effects\Factory Convolution Reverb Effects Ambisonics\Exteriors\HamburgStadtpark_ER_Ambisonics uses the audio effect plugin 'Wwise Convolution Reverb', which is not installed.
The .xml file for plugin 'Wwise Convolution Reverb' is missing or is invalid.
\Effects\Factory Convolution Reverb Effects Ambisonics\Exteriors\HamburgStadtpark_Stage_Reflections_Ambisonics uses the audio effect plugin 'Wwise Convolution Reverb', which is not installed.
The .xml file for plugin 'Wwise Convolution Reverb' is missing or is invalid.
\Effects\Factory Convolution Reverb Effects Ambisonics\Exteriors\HamburgStadtpark_Stage_Reflections_Gated_Ambisonics uses the audio effect plugin 'Wwise Convolution Reverb', which is not installed.
The .xml file for plugin 'Wwise Convolution Reverb' is missing or is invalid.
\Effects\Factory Convolution Reverb Effects Ambisonics\Exteriors\Hamburg_Stadtpark_01_Org_Ambisonics uses the audio effect plugin 'Wwise Convolution Reverb', which is not installed.
The .xml file for plugin 'Wwise Convolution Reverb' is missing or is invalid.
\Effects\Factory Convolution Reverb Effects Ambisonics\Exteriors\Hamburg_Harburger_See_Org_Ambisonics uses the audio effect plugin 'Wwise Convolution Reverb', which is not installed.
The .xml file for plugin 'Wwise Convolution Reverb' is missing or is invalid.
\Effects\Factory Convolution Reverb Effects Ambisonics\Exteriors\Hamburg_Volksdorfer_Wald_Org_Ambisonics uses the audio effect plugin 'Wwise Convolution Reverb', which is not installed.
The .xml file for plugin 'Wwise Convolution Reverb' is missing or is invalid.
\Effects\Factory Convolution Reverb Effects Ambisonics\Exteriors\Hamburg_Stadtpark_02_Org_Ambisonics uses the audio effect plugin 'Wwise Convolution Reverb', which is not installed.
The .xml file for plugin 'Wwise Convolution Reverb' is missing or is invalid.
\Effects\Factory Convolution Reverb Effects Stereo\Rooms\Bright_Echo_Chamber_Stereo uses the audio effect plugin 'Wwise Convolution Reverb', which is not installed.
The .xml file for plugin 'Wwise Convolution Reverb' is missing or is invalid.
\Effects\Factory Convolution Reverb Effects Stereo\Rooms\Damped_Chamber_Stereo uses the audio effect plugin 'Wwise Convolution Reverb', which is not installed.
The .xml file for plugin 'Wwise Convolution Reverb' is missing or is invalid.
\Effects\Factory Convolution Reverb Effects Stereo\Rooms\Blue_Reflective_Room_Stereo uses the audio effect plugin 'Wwise Convolution Reverb', which is not installed.
The .xml file for plugin 'Wwise Convolution Reverb' is missing or is invalid.
\Effects\Factory Convolution Reverb Effects Stereo\Rooms\Resonant_Room_Stereo uses the audio effect plugin 'Wwise Convolution Reverb', which is not installed.
The .xml file for plugin 'Wwise Convolution Reverb' is missing or is invalid.
\Effects\Factory Convolution Reverb Effects Stereo\Rooms\Bright_Room_Stereo uses the audio effect plugin 'Wwise Convolution Reverb', which is not installed.
The .xml file for plugin 'Wwise Convolution Reverb' is missing or is invalid.
\Effects\Factory Convolution Reverb Effects Stereo\Rooms\Live_Room_Stereo uses the audio effect plugin 'Wwise Convolution Reverb', which is not installed.
The .xml file for plugin 'Wwise Convolution Reverb' is missing or is invalid.
\Effects\Factory Convolution Reverb Effects Stereo\Rooms\Petite_Room_Stereo uses the audio effect plugin 'Wwise Convolution Reverb', which is not installed.
The .xml file for plugin 'Wwise Convolution Reverb' is missing or is invalid.
\Effects\Factory Convolution Reverb Effects Stereo\Rooms\Intimate_Room_Stereo uses the audio effect plugin 'Wwise Convolution Reverb', which is not installed.
The .xml file for plugin 'Wwise Convolution Reverb' is missing or is invalid.
\Effects\Factory Convolution Reverb Effects Stereo\Rooms\Gated_Metallic_Reflections_Stereo uses the audio effect plugin 'Wwise Convolution Reverb', which is not installed.
The .xml file for plugin 'Wwise Convolution Reverb' is missing or is invalid.
\Effects\Factory Convolution Reverb Effects Stereo\Rooms\BlueNoise_Room_03_Org_Stereo uses the audio effect plugin 'Wwise Convolution Reverb', which is not installed.
The .xml file for plugin 'Wwise Convolution Reverb' is missing or is invalid.
\Effects\Factory Convolution Reverb Effects Stereo\Rooms\Luna_Studio_Org_Stereo uses the audio effect plugin 'Wwise Convolution Reverb', which is not installed.
The .xml file for plugin 'Wwise Convolution Reverb' is missing or is invalid.
\Effects\Factory Convolution Reverb Effects Stereo\Rooms\BlueNoise_Room_02_Org_Stereo uses the audio effect plugin 'Wwise Convolution Reverb', which is not installed.
The .xml file for plugin 'Wwise Convolution Reverb' is missing or is invalid.
\Effects\Factory Convolution Reverb Effects Stereo\Rooms\BlueNoise_Room_01_Org_Stereo uses the audio effect plugin 'Wwise Convolution Reverb', which is not installed.
The .xml file for plugin 'Wwise Convolution Reverb' is missing or is invalid.
\Effects\Factory Convolution Reverb Effects Stereo\Rooms\Hamburg_Pinguin_Buro_Org_Stereo uses the audio effect plugin 'Wwise Convolution Reverb', which is not installed.
The .xml file for plugin 'Wwise Convolution Reverb' is missing or is invalid.
\Effects\Factory Convolution Reverb Effects Stereo\Rooms\Hamburg_Karl_Schneider_Halle_Org_Stereo uses the audio effect plugin 'Wwise Convolution Reverb', which is not installed.
The .xml file for plugin 'Wwise Convolution Reverb' is missing or is invalid.
\Effects\Factory Convolution Reverb Effects Stereo\Rooms\Hamburg_Echo_Chamber_Org_Stereo uses the audio effect plugin 'Wwise Convolution Reverb', which is not installed.
The .xml file for plugin 'Wwise Convolution Reverb' is missing or is invalid.
\Effects\Factory Convolution Reverb Effects Stereo\Large Spaces\HamburgParkhaus_Stereo uses the audio effect plugin 'Wwise Convolution Reverb', which is not installed.
The .xml file for plugin 'Wwise Convolution Reverb' is missing or is invalid.
\Effects\Factory Convolution Reverb Effects Stereo\Large Spaces\Space_Ship_Stereo uses the audio effect plugin 'Wwise Convolution Reverb', which is not installed.
The .xml file for plugin 'Wwise Convolution Reverb' is missing or is invalid.
\Effects\Factory Convolution Reverb Effects Stereo\Large Spaces\Bright_Metallic_Space_Stereo uses the audio effect plugin 'Wwise Convolution Reverb', which is not installed.
The .xml file for plugin 'Wwise Convolution Reverb' is missing or is invalid.
\Effects\Factory Convolution Reverb Effects Stereo\Large Spaces\Large_Warehouse_Stereo uses the audio effect plugin 'Wwise Convolution Reverb', which is not installed.
The .xml file for plugin 'Wwise Convolution Reverb' is missing or is invalid.
\Effects\Factory Convolution Reverb Effects Stereo\Large Spaces\Hamburg_Parkhaus_Org_Stereo uses the audio effect plugin 'Wwise Convolution Reverb', which is not installed.
The .xml file for plugin 'Wwise Convolution Reverb' is missing or is invalid.
\Effects\Factory Convolution Reverb Effects Stereo\Large Spaces\Hamburg_Fabrik_SCOUT_Org_Stereo uses the audio effect plugin 'Wwise Convolution Reverb', which is not installed.
The .xml file for plugin 'Wwise Convolution Reverb' is missing or is invalid.
\Effects\Factory Convolution Reverb Effects Stereo\Large Spaces\Hamburg_Fabrik_Org_Stereo uses the audio effect plugin 'Wwise Convolution Reverb', which is not installed.
The .xml file for plugin 'Wwise Convolution Reverb' is missing or is invalid.
\Effects\Factory Convolution Reverb Effects Stereo\Large Spaces\Stair_Way_Hall_Org_Stereo uses the audio effect plugin 'Wwise Convolution Reverb', which is not installed.
The .xml file for plugin 'Wwise Convolution Reverb' is missing or is invalid.
\Effects\Factory Convolution Reverb Effects Stereo\Cathedrals and Churches\Dark_Cathedral_Stereo uses the audio effect plugin 'Wwise Convolution Reverb', which is not installed.
The .xml file for plugin 'Wwise Convolution Reverb' is missing or is invalid.
\Effects\Factory Convolution Reverb Effects Stereo\Cathedrals and Churches\Colossal_Cathedral_Stereo uses the audio effect plugin 'Wwise Convolution Reverb', which is not installed.
The .xml file for plugin 'Wwise Convolution Reverb' is missing or is invalid.
\Effects\Factory Convolution Reverb Effects Stereo\Cathedrals and Churches\Lost_in_a_Cathedral_Stereo uses the audio effect plugin 'Wwise Convolution Reverb', which is not installed.
The .xml file for plugin 'Wwise Convolution Reverb' is missing or is invalid.
\Effects\Factory Convolution Reverb Effects Stereo\Cathedrals and Churches\Filtered_Cathedral_Stereo uses the audio effect plugin 'Wwise Convolution Reverb', which is not installed.
The .xml file for plugin 'Wwise Convolution Reverb' is missing or is invalid.
\Effects\Factory Convolution Reverb Effects Stereo\Cathedrals and Churches\Medium_Church_Stereo uses the audio effect plugin 'Wwise Convolution Reverb', which is not installed.
The .xml file for plugin 'Wwise Convolution Reverb' is missing or is invalid.
\Effects\Factory Convolution Reverb Effects Stereo\Cathedrals and Churches\Famous_Church_Stereo uses the audio effect plugin 'Wwise Convolution Reverb', which is not installed.
The .xml file for plugin 'Wwise Convolution Reverb' is missing or is invalid.
\Effects\Factory Convolution Reverb Effects Stereo\Cathedrals and Churches\StKatharinen_Org_Stereo uses the audio effect plugin 'Wwise Convolution Reverb', which is not installed.
The .xml file for plugin 'Wwise Convolution Reverb' is missing or is invalid.
\Effects\Factory Convolution Reverb Effects Stereo\Cathedrals and Churches\MediumChurch_Org_Stereo uses the audio effect plugin 'Wwise Convolution Reverb', which is not installed.
The .xml file for plugin 'Wwise Convolution Reverb' is missing or is invalid.
\Effects\Factory Convolution Reverb Effects Stereo\Halls\Large_Bright_Space_Stereo uses the audio effect plugin 'Wwise Convolution Reverb', which is not installed.
The .xml file for plugin 'Wwise Convolution Reverb' is missing or is invalid.
\Effects\Factory Convolution Reverb Effects Stereo\Halls\Lecture_Hall_Stereo uses the audio effect plugin 'Wwise Convolution Reverb', which is not installed.
The .xml file for plugin 'Wwise Convolution Reverb' is missing or is invalid.
\Effects\Factory Convolution Reverb Effects Stereo\Halls\Dark_Hall_Stereo uses the audio effect plugin 'Wwise Convolution Reverb', which is not installed.
The .xml file for plugin 'Wwise Convolution Reverb' is missing or is invalid.
\Effects\Factory Convolution Reverb Effects Stereo\Halls\Short_Hall_Stereo uses the audio effect plugin 'Wwise Convolution Reverb', which is not installed.
The .xml file for plugin 'Wwise Convolution Reverb' is missing or is invalid.
\Effects\Factory Convolution Reverb Effects Stereo\Halls\Crowded_Hall_Stereo uses the audio effect plugin 'Wwise Convolution Reverb', which is not installed.
The .xml file for plugin 'Wwise Convolution Reverb' is missing or is invalid.
\Effects\Factory Convolution Reverb Effects Stereo\Halls\BerlinTeldex_Org_Stereo uses the audio effect plugin 'Wwise Convolution Reverb', which is not installed.
The .xml file for plugin 'Wwise Convolution Reverb' is missing or is invalid.
\Effects\Factory Convolution Reverb Effects Stereo\Halls\Berlin_Stadtbad_Org_Stereo uses the audio effect plugin 'Wwise Convolution Reverb', which is not installed.
The .xml file for plugin 'Wwise Convolution Reverb' is missing or is invalid.
\Effects\Factory Convolution Reverb Effects Stereo\Halls\Brasilien_Halle_Org_Stereo uses the audio effect plugin 'Wwise Convolution Reverb', which is not installed.
The .xml file for plugin 'Wwise Convolution Reverb' is missing or is invalid.
\Effects\Factory Convolution Reverb Effects Stereo\Exteriors\HamburgHarburgerSee_Slap_01_Stereo uses the audio effect plugin 'Wwise Convolution Reverb', which is not installed.
The .xml file for plugin 'Wwise Convolution Reverb' is missing or is invalid.
\Effects\Factory Convolution Reverb Effects Stereo\Exteriors\HamburgHarburgerSee_Slap_02_Stereo uses the audio effect plugin 'Wwise Convolution Reverb', which is not installed.
The .xml file for plugin 'Wwise Convolution Reverb' is missing or is invalid.
\Effects\Factory Convolution Reverb Effects Stereo\Exteriors\HamburgStadtpark_Dense_Reflections_Stereo uses the audio effect plugin 'Wwise Convolution Reverb', which is not installed.
The .xml file for plugin 'Wwise Convolution Reverb' is missing or is invalid.
\Effects\Factory Convolution Reverb Effects Stereo\Exteriors\HamburgVolksdorferWald_Diffusion_Stereo uses the audio effect plugin 'Wwise Convolution Reverb', which is not installed.
The .xml file for plugin 'Wwise Convolution Reverb' is missing or is invalid.
\Effects\Factory Convolution Reverb Effects Stereo\Exteriors\HamburgStadtpark_ER_Stereo uses the audio effect plugin 'Wwise Convolution Reverb', which is not installed.
The .xml file for plugin 'Wwise Convolution Reverb' is missing or is invalid.
\Effects\Factory Convolution Reverb Effects Stereo\Exteriors\HamburgStadtpark_Stage_Reflections_Stereo uses the audio effect plugin 'Wwise Convolution Reverb', which is not installed.
The .xml file for plugin 'Wwise Convolution Reverb' is missing or is invalid.
\Effects\Factory Convolution Reverb Effects Stereo\Exteriors\HamburgStadtpark_Stage_Reflections_Gated_Stereo uses the audio effect plugin 'Wwise Convolution Reverb', which is not installed.
The .xml file for plugin 'Wwise Convolution Reverb' is missing or is invalid.
\Effects\Factory Convolution Reverb Effects Stereo\Exteriors\Hamburg_Harburger_See_Org_Stereo uses the audio effect plugin 'Wwise Convolution Reverb', which is not installed.
The .xml file for plugin 'Wwise Convolution Reverb' is missing or is invalid.
\Effects\Factory Convolution Reverb Effects Stereo\Exteriors\Hamburg_Stadtpark_01_Org_Stereo uses the audio effect plugin 'Wwise Convolution Reverb', which is not installed.
The .xml file for plugin 'Wwise Convolution Reverb' is missing or is invalid.
\Effects\Factory Convolution Reverb Effects Stereo\Exteriors\Hamburg_Stadtpark_02_Org_Stereo uses the audio effect plugin 'Wwise Convolution Reverb', which is not installed.
The .xml file for plugin 'Wwise Convolution Reverb' is missing or is invalid.
\Effects\Factory Convolution Reverb Effects Stereo\Exteriors\Hamburg_Volksdorfer_Wald_Org_Stereo uses the audio effect plugin 'Wwise Convolution Reverb', which is not installed.
The .xml file for plugin 'iZotope Trash Box Modeler' is missing or is invalid.
\Effects\Factory iZotope Box Modeler\Thin_Walls uses the audio effect plugin 'iZotope Trash Box Modeler', which is not installed.
The .xml file for plugin 'iZotope Trash Box Modeler' is missing or is invalid.
\Effects\Factory iZotope Box Modeler\Dirty_Metal_01 uses the audio effect plugin 'iZotope Trash Box Modeler', which is not installed.
The .xml file for plugin 'iZotope Trash Box Modeler' is missing or is invalid.
\Effects\Factory iZotope Box Modeler\Metal_Scrap_01 uses the audio effect plugin 'iZotope Trash Box Modeler', which is not installed.
The .xml file for plugin 'iZotope Trash Box Modeler' is missing or is invalid.
\Effects\Factory iZotope Box Modeler\Tin_Can_01 uses the audio effect plugin 'iZotope Trash Box Modeler', which is not installed.
The .xml file for plugin 'iZotope Trash Box Modeler' is missing or is invalid.
\Effects\Factory iZotope Box Modeler\Radio_01 uses the audio effect plugin 'iZotope Trash Box Modeler', which is not installed.
The .xml file for plugin 'iZotope Trash Box Modeler' is missing or is invalid.
\Effects\Factory iZotope Box Modeler\Other_Room_01 uses the audio effect plugin 'iZotope Trash Box Modeler', which is not installed.
The .xml file for plugin 'iZotope Trash Box Modeler' is missing or is invalid.
\Effects\Factory iZotope Box Modeler\The_Field_01 uses the audio effect plugin 'iZotope Trash Box Modeler', which is not installed.
The .xml file for plugin 'iZotope Trash Box Modeler' is missing or is invalid.
\Effects\Factory iZotope Box Modeler\Old_Trash_Bin_01 uses the audio effect plugin 'iZotope Trash Box Modeler', which is not installed.
The .xml file for plugin 'iZotope Trash Box Modeler' is missing or is invalid.
\Effects\Factory iZotope Box Modeler\Fuzzy_Phaser_01 uses the audio effect plugin 'iZotope Trash Box Modeler', which is not installed.
The .xml file for plugin 'iZotope Trash Box Modeler' is missing or is invalid.
\Effects\Factory iZotope Box Modeler\Guitar_Cabinet_01 uses the audio effect plugin 'iZotope Trash Box Modeler', which is not installed.
The .xml file for plugin 'iZotope Trash Box Modeler' is missing or is invalid.
\Effects\Factory iZotope Box Modeler\Underwater_01 uses the audio effect plugin 'iZotope Trash Box Modeler', which is not installed.
The .xml file for plugin 'iZotope Trash Box Modeler' is missing or is invalid.
\Effects\Factory iZotope Box Modeler\Wood_Floor_01 uses the audio effect plugin 'iZotope Trash Box Modeler', which is not installed.
The .xml file for plugin 'iZotope Trash Delay' is missing or is invalid.
\Effects\Factory iZotope Delay\Tape_Slap_Back uses the audio effect plugin 'iZotope Trash Delay', which is not installed.
The .xml file for plugin 'iZotope Trash Delay' is missing or is invalid.
\Effects\Factory iZotope Delay\Digital_500ms uses the audio effect plugin 'iZotope Trash Delay', which is not installed.
The .xml file for plugin 'iZotope Trash Delay' is missing or is invalid.
\Effects\Factory iZotope Delay\Scary_Bits uses the audio effect plugin 'iZotope Trash Delay', which is not installed.
The .xml file for plugin 'iZotope Trash Delay' is missing or is invalid.
\Effects\Factory iZotope Delay\Digital_1_Second uses the audio effect plugin 'iZotope Trash Delay', which is not installed.
The .xml file for plugin 'iZotope Trash Delay' is missing or is invalid.
\Effects\Factory iZotope Delay\Black_Canyon uses the audio effect plugin 'iZotope Trash Delay', which is not installed.
The .xml file for plugin 'iZotope Trash Delay' is missing or is invalid.
\Effects\Factory iZotope Delay\Gray_Tunnel uses the audio effect plugin 'iZotope Trash Delay', which is not installed.
The .xml file for plugin 'iZotope Trash Delay' is missing or is invalid.
\Effects\Factory iZotope Delay\Retro_Fi uses the audio effect plugin 'iZotope Trash Delay', which is not installed.
The .xml file for plugin 'iZotope Trash Delay' is missing or is invalid.
\Effects\Factory iZotope Delay\ZVerb uses the audio effect plugin 'iZotope Trash Delay', which is not installed.
The .xml file for plugin 'iZotope Trash Delay' is missing or is invalid.
\Effects\Factory iZotope Delay\iRobot uses the audio effect plugin 'iZotope Trash Delay', which is not installed.
The .xml file for plugin 'iZotope Trash Delay' is missing or is invalid.
\Effects\Factory iZotope Delay\Dirty_Double uses the audio effect plugin 'iZotope Trash Delay', which is not installed.
The .xml file for plugin 'iZotope Trash Dynamics Mono' is missing or is invalid.
\Effects\Factory iZotope Dynamics\Chopper_Gate uses the audio effect plugin 'iZotope Trash Dynamics Mono', which is not installed.
The .xml file for plugin 'iZotope Trash Dynamics Mono' is missing or is invalid.
\Effects\Factory iZotope Dynamics\Bigger_Boom uses the audio effect plugin 'iZotope Trash Dynamics Mono', which is not installed.
The .xml file for plugin 'iZotope Trash Dynamics Mono' is missing or is invalid.
\Effects\Factory iZotope Dynamics\No_Attack uses the audio effect plugin 'iZotope Trash Dynamics Mono', which is not installed.
The .xml file for plugin 'iZotope Trash Dynamics Mono' is missing or is invalid.
\Effects\Factory iZotope Dynamics\Peak_Limiter uses the audio effect plugin 'iZotope Trash Dynamics Mono', which is not installed.
The .xml file for plugin 'iZotope Trash Dynamics Mono' is missing or is invalid.
\Effects\Factory iZotope Dynamics\Squashed uses the audio effect plugin 'iZotope Trash Dynamics Mono', which is not installed.
The .xml file for plugin 'iZotope Trash Dynamics Mono' is missing or is invalid.
\Effects\Factory iZotope Dynamics\Light_Compression uses the audio effect plugin 'iZotope Trash Dynamics Mono', which is not installed.
The .xml file for plugin 'iZotope Trash Dynamics Mono' is missing or is invalid.
\Effects\Factory iZotope Dynamics\Bus_Compressor uses the audio effect plugin 'iZotope Trash Dynamics Mono', which is not installed.
The .xml file for plugin 'iZotope Trash Dynamics Mono' is missing or is invalid.
\Effects\Factory iZotope Dynamics\Transient_Snap uses the audio effect plugin 'iZotope Trash Dynamics Mono', which is not installed.
The .xml file for plugin 'iZotope Trash Dynamics Mono' is missing or is invalid.
\Effects\Factory iZotope Dynamics\Noise_Gate uses the audio effect plugin 'iZotope Trash Dynamics Mono', which is not installed.
The .xml file for plugin 'iZotope Trash Dynamics Mono' is missing or is invalid.
\Effects\Factory iZotope Dynamics\Minus_6dB_Limit uses the audio effect plugin 'iZotope Trash Dynamics Mono', which is not installed.
The .xml file for plugin 'iZotope Trash Filters' is missing or is invalid.
\Effects\Factory iZotope Filters\Next_Door uses the audio effect plugin 'iZotope Trash Filters', which is not installed.
The .xml file for plugin 'iZotope Trash Filters' is missing or is invalid.
\Effects\Factory iZotope Filters\Lo_Pass_500Hz uses the audio effect plugin 'iZotope Trash Filters', which is not installed.
The .xml file for plugin 'iZotope Trash Filters' is missing or is invalid.
\Effects\Factory iZotope Filters\Hi_Pass_500Hz uses the audio effect plugin 'iZotope Trash Filters', which is not installed.
The .xml file for plugin 'iZotope Trash Filters' is missing or is invalid.
\Effects\Factory iZotope Filters\Punch_150Hz uses the audio effect plugin 'iZotope Trash Filters', which is not installed.
The .xml file for plugin 'iZotope Trash Filters' is missing or is invalid.
\Effects\Factory iZotope Filters\Wind_Sweeper uses the audio effect plugin 'iZotope Trash Filters', which is not installed.
The .xml file for plugin 'iZotope Trash Filters' is missing or is invalid.
\Effects\Factory iZotope Filters\Sonar_Pulse uses the audio effect plugin 'iZotope Trash Filters', which is not installed.
The .xml file for plugin 'iZotope Trash Filters' is missing or is invalid.
\Effects\Factory iZotope Filters\Transistor_Radio uses the audio effect plugin 'iZotope Trash Filters', which is not installed.
The .xml file for plugin 'iZotope Trash Filters' is missing or is invalid.
\Effects\Factory iZotope Filters\Wah_Wah_Bass uses the audio effect plugin 'iZotope Trash Filters', which is not installed.
The .xml file for plugin 'iZotope Trash Filters' is missing or is invalid.
\Effects\Factory iZotope Filters\Crazy_Copter uses the audio effect plugin 'iZotope Trash Filters', which is not installed.
The .xml file for plugin 'iZotope Trash Filters' is missing or is invalid.
\Effects\Factory iZotope Filters\Filter_Sweep uses the audio effect plugin 'iZotope Trash Filters', which is not installed.
The .xml file for plugin 'iZotope Hybrid Reverb' is missing or is invalid.
\Effects\Factory iZotope Hybrid Reverb Effects\Auditorium uses the audio effect plugin 'iZotope Hybrid Reverb', which is not installed.
The .xml file for plugin 'iZotope Hybrid Reverb' is missing or is invalid.
\Effects\Factory iZotope Hybrid Reverb Effects\Car_Interior uses the audio effect plugin 'iZotope Hybrid Reverb', which is not installed.
The .xml file for plugin 'iZotope Hybrid Reverb' is missing or is invalid.
\Effects\Factory iZotope Hybrid Reverb Effects\Cavern uses the audio effect plugin 'iZotope Hybrid Reverb', which is not installed.
The .xml file for plugin 'iZotope Hybrid Reverb' is missing or is invalid.
\Effects\Factory iZotope Hybrid Reverb Effects\Church uses the audio effect plugin 'iZotope Hybrid Reverb', which is not installed.
The .xml file for plugin 'iZotope Hybrid Reverb' is missing or is invalid.
\Effects\Factory iZotope Hybrid Reverb Effects\City_Center uses the audio effect plugin 'iZotope Hybrid Reverb', which is not installed.
The .xml file for plugin 'iZotope Hybrid Reverb' is missing or is invalid.
\Effects\Factory iZotope Hybrid Reverb Effects\City_Streets uses the audio effect plugin 'iZotope Hybrid Reverb', which is not installed.
The .xml file for plugin 'iZotope Hybrid Reverb' is missing or is invalid.
\Effects\Factory iZotope Hybrid Reverb Effects\Forest uses the audio effect plugin 'iZotope Hybrid Reverb', which is not installed.
The .xml file for plugin 'iZotope Hybrid Reverb' is missing or is invalid.
\Effects\Factory iZotope Hybrid Reverb Effects\Medium_Metal_Room uses the audio effect plugin 'iZotope Hybrid Reverb', which is not installed.
The .xml file for plugin 'iZotope Hybrid Reverb' is missing or is invalid.
\Effects\Factory iZotope Hybrid Reverb Effects\Medium_Wood_Hall uses the audio effect plugin 'iZotope Hybrid Reverb', which is not installed.
The .xml file for plugin 'iZotope Hybrid Reverb' is missing or is invalid.
\Effects\Factory iZotope Hybrid Reverb Effects\Medium_Wood_Room uses the audio effect plugin 'iZotope Hybrid Reverb', which is not installed.
The .xml file for plugin 'iZotope Hybrid Reverb' is missing or is invalid.
\Effects\Factory iZotope Hybrid Reverb Effects\Metallic_Hall uses the audio effect plugin 'iZotope Hybrid Reverb', which is not installed.
The .xml file for plugin 'iZotope Hybrid Reverb' is missing or is invalid.
\Effects\Factory iZotope Hybrid Reverb Effects\Rock_Wall uses the audio effect plugin 'iZotope Hybrid Reverb', which is not installed.
The .xml file for plugin 'iZotope Hybrid Reverb' is missing or is invalid.
\Effects\Factory iZotope Hybrid Reverb Effects\Small_Metal_Room uses the audio effect plugin 'iZotope Hybrid Reverb', which is not installed.
The .xml file for plugin 'iZotope Hybrid Reverb' is missing or is invalid.
\Effects\Factory iZotope Hybrid Reverb Effects\Small_Wood_Room uses the audio effect plugin 'iZotope Hybrid Reverb', which is not installed.
The .xml file for plugin 'iZotope Trash Multiband Distortion' is missing or is invalid.
\Effects\Factory iZotope Multiband Distortion\High_End_Sizzle_01 uses the audio effect plugin 'iZotope Trash Multiband Distortion', which is not installed.
The .xml file for plugin 'iZotope Trash Multiband Distortion' is missing or is invalid.
\Effects\Factory iZotope Multiband Distortion\Big_Bottom_01 uses the audio effect plugin 'iZotope Trash Multiband Distortion', which is not installed.
The .xml file for plugin 'iZotope Trash Multiband Distortion' is missing or is invalid.
\Effects\Factory iZotope Multiband Distortion\Talkie_Squelch_01 uses the audio effect plugin 'iZotope Trash Multiband Distortion', which is not installed.
The .xml file for plugin 'iZotope Trash Multiband Distortion' is missing or is invalid.
\Effects\Factory iZotope Multiband Distortion\Exploder_01 uses the audio effect plugin 'iZotope Trash Multiband Distortion', which is not installed.
The .xml file for plugin 'iZotope Trash Multiband Distortion' is missing or is invalid.
\Effects\Factory iZotope Multiband Distortion\Boost_Mobiles_01 uses the audio effect plugin 'iZotope Trash Multiband Distortion', which is not installed.
The .xml file for plugin 'iZotope Trash Multiband Distortion' is missing or is invalid.
\Effects\Factory iZotope Multiband Distortion\Big_Pistol_01 uses the audio effect plugin 'iZotope Trash Multiband Distortion', which is not installed.
The .xml file for plugin 'iZotope Trash Multiband Distortion' is missing or is invalid.
\Effects\Factory iZotope Multiband Distortion\Screech_01 uses the audio effect plugin 'iZotope Trash Multiband Distortion', which is not installed.
The .xml file for plugin 'iZotope Trash Distortion' is missing or is invalid.
\Effects\Factory iZotope Singleband Distortion\Breaking_Up_01 uses the audio effect plugin 'iZotope Trash Distortion', which is not installed.
The .xml file for plugin 'iZotope Trash Distortion' is missing or is invalid.
\Effects\Factory iZotope Singleband Distortion\Big_Impacts_01 uses the audio effect plugin 'iZotope Trash Distortion', which is not installed.
The .xml file for plugin 'iZotope Trash Distortion' is missing or is invalid.
\Effects\Factory iZotope Singleband Distortion\Destruction_01 uses the audio effect plugin 'iZotope Trash Distortion', which is not installed.
The .xml file for plugin 'iZotope Trash Distortion' is missing or is invalid.
\Effects\Factory iZotope Singleband Distortion\Bigger_Footsteps_01 uses the audio effect plugin 'iZotope Trash Distortion', which is not installed.
The .xml file for plugin 'iZotope Trash Distortion' is missing or is invalid.
\Effects\Factory iZotope Singleband Distortion\Just_Noise_01 uses the audio effect plugin 'iZotope Trash Distortion', which is not installed.
The .xml file for plugin 'iZotope Trash Distortion' is missing or is invalid.
\Effects\Factory iZotope Singleband Distortion\Rock_Amp_01 uses the audio effect plugin 'iZotope Trash Distortion', which is not installed.
The .xml file for plugin 'iZotope Trash Distortion' is missing or is invalid.
\Effects\Factory iZotope Singleband Distortion\Blues_Amp_01 uses the audio effect plugin 'iZotope Trash Distortion', which is not installed.
The .xml file for plugin 'iZotope Trash Distortion' is missing or is invalid.
\Effects\Factory iZotope Singleband Distortion\Monster_Foot_Steps_01 uses the audio effect plugin 'iZotope Trash Distortion', which is not installed.
The .xml file for plugin 'iZotope Trash Distortion' is missing or is invalid.
\Effects\Factory iZotope Singleband Distortion\Big_Guns_01 uses the audio effect plugin 'iZotope Trash Distortion', which is not installed.
The .xml file for plugin 'McDSP FutzBox' is missing or is invalid.
\Effects\Factory McDSP Effects\McDSP FutzBox\General\Find_A_Station uses the audio effect plugin 'McDSP FutzBox', which is not installed.
The .xml file for plugin 'McDSP FutzBox' is missing or is invalid.
\Effects\Factory McDSP Effects\McDSP FutzBox\General\Message_in_a_Bottle uses the audio effect plugin 'McDSP FutzBox', which is not installed.
The .xml file for plugin 'McDSP FutzBox' is missing or is invalid.
\Effects\Factory McDSP Effects\McDSP FutzBox\General\Under_Pillow_Snooze uses the audio effect plugin 'McDSP FutzBox', which is not installed.
The .xml file for plugin 'McDSP FutzBox' is missing or is invalid.
\Effects\Factory McDSP Effects\McDSP FutzBox\General\Thumb_Knob_Tuning uses the audio effect plugin 'McDSP FutzBox', which is not installed.
The .xml file for plugin 'McDSP FutzBox' is missing or is invalid.
\Effects\Factory McDSP Effects\McDSP FutzBox\General\Bucket_Head uses the audio effect plugin 'McDSP FutzBox', which is not installed.
The .xml file for plugin 'McDSP FutzBox' is missing or is invalid.
\Effects\Factory McDSP Effects\McDSP FutzBox\General\Duckin_The_Rain uses the audio effect plugin 'McDSP FutzBox', which is not installed.
The .xml file for plugin 'McDSP FutzBox' is missing or is invalid.
\Effects\Factory McDSP Effects\McDSP FutzBox\General\Family_Classics uses the audio effect plugin 'McDSP FutzBox', which is not installed.
The .xml file for plugin 'McDSP FutzBox' is missing or is invalid.
\Effects\Factory McDSP Effects\McDSP FutzBox\General\Glassy_Chamber uses the audio effect plugin 'McDSP FutzBox', which is not installed.
The .xml file for plugin 'McDSP FutzBox' is missing or is invalid.
\Effects\Factory McDSP Effects\McDSP FutzBox\General\Home_Movies uses the audio effect plugin 'McDSP FutzBox', which is not installed.
The .xml file for plugin 'McDSP FutzBox' is missing or is invalid.
\Effects\Factory McDSP Effects\McDSP FutzBox\General\Mason_Jar uses the audio effect plugin 'McDSP FutzBox', which is not installed.
The .xml file for plugin 'McDSP FutzBox' is missing or is invalid.
\Effects\Factory McDSP Effects\McDSP FutzBox\General\Noisy_Neighbors uses the audio effect plugin 'McDSP FutzBox', which is not installed.
The .xml file for plugin 'McDSP FutzBox' is missing or is invalid.
\Effects\Factory McDSP Effects\McDSP FutzBox\General\Turn_Off_The_Radio uses the audio effect plugin 'McDSP FutzBox', which is not installed.
The .xml file for plugin 'McDSP FutzBox' is missing or is invalid.
\Effects\Factory McDSP Effects\McDSP FutzBox\Voices\Character\High_School_PA uses the audio effect plugin 'McDSP FutzBox', which is not installed.
The .xml file for plugin 'McDSP FutzBox' is missing or is invalid.
\Effects\Factory McDSP Effects\McDSP FutzBox\Voices\Character\Industrial_Noize uses the audio effect plugin 'McDSP FutzBox', which is not installed.
The .xml file for plugin 'McDSP FutzBox' is missing or is invalid.
\Effects\Factory McDSP Effects\McDSP FutzBox\Voices\Character\Crowd_Control uses the audio effect plugin 'McDSP FutzBox', which is not installed.
The .xml file for plugin 'McDSP FutzBox' is missing or is invalid.
\Effects\Factory McDSP Effects\McDSP FutzBox\Voices\Character\As_Good_as_it_Gets uses the audio effect plugin 'McDSP FutzBox', which is not installed.
The .xml file for plugin 'McDSP FutzBox' is missing or is invalid.
\Effects\Factory McDSP Effects\McDSP FutzBox\Voices\Character\Bassy_Phone uses the audio effect plugin 'McDSP FutzBox', which is not installed.
The .xml file for plugin 'McDSP FutzBox' is missing or is invalid.
\Effects\Factory McDSP Effects\McDSP FutzBox\Voices\Character\Burnt_to_a_Crisp uses the audio effect plugin 'McDSP FutzBox', which is not installed.
The .xml file for plugin 'McDSP FutzBox' is missing or is invalid.
\Effects\Factory McDSP Effects\McDSP FutzBox\Voices\Character\Buzz_Me_In uses the audio effect plugin 'McDSP FutzBox', which is not installed.
The .xml file for plugin 'McDSP FutzBox' is missing or is invalid.
\Effects\Factory McDSP Effects\McDSP FutzBox\Voices\Character\Classic_Baseball uses the audio effect plugin 'McDSP FutzBox', which is not installed.
The .xml file for plugin 'McDSP FutzBox' is missing or is invalid.
\Effects\Factory McDSP Effects\McDSP FutzBox\Voices\Character\Cold_Caller uses the audio effect plugin 'McDSP FutzBox', which is not installed.
The .xml file for plugin 'McDSP FutzBox' is missing or is invalid.
\Effects\Factory McDSP Effects\McDSP FutzBox\Voices\Character\Dialing_Long_Distance uses the audio effect plugin 'McDSP FutzBox', which is not installed.
The .xml file for plugin 'McDSP FutzBox' is missing or is invalid.
\Effects\Factory McDSP Effects\McDSP FutzBox\Voices\Character\Engine_Grime uses the audio effect plugin 'McDSP FutzBox', which is not installed.
The .xml file for plugin 'McDSP FutzBox' is missing or is invalid.
\Effects\Factory McDSP Effects\McDSP FutzBox\Voices\Character\Get_What_You_Pay_For uses the audio effect plugin 'McDSP FutzBox', which is not installed.
The .xml file for plugin 'McDSP FutzBox' is missing or is invalid.
\Effects\Factory McDSP Effects\McDSP FutzBox\Voices\Character\In_Your_Imagination uses the audio effect plugin 'McDSP FutzBox', which is not installed.
The .xml file for plugin 'McDSP FutzBox' is missing or is invalid.
\Effects\Factory McDSP Effects\McDSP FutzBox\Voices\Character\Lets_Do_Lunch uses the audio effect plugin 'McDSP FutzBox', which is not installed.
The .xml file for plugin 'McDSP FutzBox' is missing or is invalid.
\Effects\Factory McDSP Effects\McDSP FutzBox\Voices\Character\Look_Ma_No_Hands uses the audio effect plugin 'McDSP FutzBox', which is not installed.
The .xml file for plugin 'McDSP FutzBox' is missing or is invalid.
\Effects\Factory McDSP Effects\McDSP FutzBox\Voices\Character\Ma_Bell uses the audio effect plugin 'McDSP FutzBox', which is not installed.
The .xml file for plugin 'McDSP FutzBox' is missing or is invalid.
\Effects\Factory McDSP Effects\McDSP FutzBox\Voices\Character\Prank_Caller uses the audio effect plugin 'McDSP FutzBox', which is not installed.
The .xml file for plugin 'McDSP FutzBox' is missing or is invalid.
\Effects\Factory McDSP Effects\McDSP FutzBox\Voices\Character\Talk_Me_Back uses the audio effect plugin 'McDSP FutzBox', which is not installed.
The .xml file for plugin 'McDSP FutzBox' is missing or is invalid.
\Effects\Factory McDSP Effects\McDSP FutzBox\Voices\Character\Telemarkets_Standard_Issue uses the audio effect plugin 'McDSP FutzBox', which is not installed.
The .xml file for plugin 'McDSP FutzBox' is missing or is invalid.
\Effects\Factory McDSP Effects\McDSP FutzBox\Voices\Character\Whats_Your_Number uses the audio effect plugin 'McDSP FutzBox', which is not installed.
The .xml file for plugin 'McDSP FutzBox' is missing or is invalid.
\Effects\Factory McDSP Effects\McDSP FutzBox\Voices\Character\Your_Conscience uses the audio effect plugin 'McDSP FutzBox', which is not installed.
The .xml file for plugin 'McDSP FutzBox' is missing or is invalid.
\Effects\Factory McDSP Effects\McDSP FutzBox\Voices\Crunchy\Crappy_Call uses the audio effect plugin 'McDSP FutzBox', which is not installed.
The .xml file for plugin 'McDSP FutzBox' is missing or is invalid.
\Effects\Factory McDSP Effects\McDSP FutzBox\Voices\Crunchy\Good_Buddy_10_4 uses the audio effect plugin 'McDSP FutzBox', which is not installed.
The .xml file for plugin 'McDSP FutzBox' is missing or is invalid.
\Effects\Factory McDSP Effects\McDSP FutzBox\Voices\Crunchy\Need_a_Land_Line uses the audio effect plugin 'McDSP FutzBox', which is not installed.
The .xml file for plugin 'McDSP FutzBox' is missing or is invalid.
\Effects\Factory McDSP Effects\McDSP FutzBox\Voices\Crunchy\Annoying_Caller uses the audio effect plugin 'McDSP FutzBox', which is not installed.
The .xml file for plugin 'McDSP FutzBox' is missing or is invalid.
\Effects\Factory McDSP Effects\McDSP FutzBox\Voices\Crunchy\Attention_All_Shoppers uses the audio effect plugin 'McDSP FutzBox', which is not installed.
The .xml file for plugin 'McDSP FutzBox' is missing or is invalid.
\Effects\Factory McDSP Effects\McDSP FutzBox\Voices\Crunchy\Calling_the_Shoe_Phone uses the audio effect plugin 'McDSP FutzBox', which is not installed.
The .xml file for plugin 'McDSP FutzBox' is missing or is invalid.
\Effects\Factory McDSP Effects\McDSP FutzBox\Voices\Crunchy\Can_You_Hear_Me_Now_1 uses the audio effect plugin 'McDSP FutzBox', which is not installed.
The .xml file for plugin 'McDSP FutzBox' is missing or is invalid.
\Effects\Factory McDSP Effects\McDSP FutzBox\Voices\Crunchy\Can_You_Hear_Me_Now_2 uses the audio effect plugin 'McDSP FutzBox', which is not installed.
The .xml file for plugin 'McDSP FutzBox' is missing or is invalid.
\Effects\Factory McDSP Effects\McDSP FutzBox\Voices\Crunchy\Cellular_Overdrive uses the audio effect plugin 'McDSP FutzBox', which is not installed.
The .xml file for plugin 'McDSP FutzBox' is missing or is invalid.
\Effects\Factory McDSP Effects\McDSP FutzBox\Voices\Crunchy\Dialing_For_Dollars uses the audio effect plugin 'McDSP FutzBox', which is not installed.
The .xml file for plugin 'McDSP FutzBox' is missing or is invalid.
\Effects\Factory McDSP Effects\McDSP FutzBox\Voices\Crunchy\Double_Double uses the audio effect plugin 'McDSP FutzBox', which is not installed.
The .xml file for plugin 'McDSP FutzBox' is missing or is invalid.
\Effects\Factory McDSP Effects\McDSP FutzBox\Voices\Crunchy\Double_the_Distortion uses the audio effect plugin 'McDSP FutzBox', which is not installed.
The .xml file for plugin 'McDSP FutzBox' is missing or is invalid.
\Effects\Factory McDSP Effects\McDSP FutzBox\Voices\Crunchy\Emergency uses the audio effect plugin 'McDSP FutzBox', which is not installed.
The .xml file for plugin 'McDSP FutzBox' is missing or is invalid.
\Effects\Factory McDSP Effects\McDSP FutzBox\Voices\Crunchy\Gibberish uses the audio effect plugin 'McDSP FutzBox', which is not installed.
The .xml file for plugin 'McDSP FutzBox' is missing or is invalid.
\Effects\Factory McDSP Effects\McDSP FutzBox\Voices\Crunchy\Hail_to_the_Chief uses the audio effect plugin 'McDSP FutzBox', which is not installed.
The .xml file for plugin 'McDSP FutzBox' is missing or is invalid.
\Effects\Factory McDSP Effects\McDSP FutzBox\Voices\Crunchy\Inspector_Gadget uses the audio effect plugin 'McDSP FutzBox', which is not installed.
The .xml file for plugin 'McDSP FutzBox' is missing or is invalid.
\Effects\Factory McDSP Effects\McDSP FutzBox\Voices\Crunchy\Into_Thin_Air uses the audio effect plugin 'McDSP FutzBox', which is not installed.
The .xml file for plugin 'McDSP FutzBox' is missing or is invalid.
\Effects\Factory McDSP Effects\McDSP FutzBox\Voices\Crunchy\Into_Thinner_Air uses the audio effect plugin 'McDSP FutzBox', which is not installed.
The .xml file for plugin 'McDSP FutzBox' is missing or is invalid.
\Effects\Factory McDSP Effects\McDSP FutzBox\Voices\Crunchy\Locked_In_a_Cell uses the audio effect plugin 'McDSP FutzBox', which is not installed.
The .xml file for plugin 'McDSP FutzBox' is missing or is invalid.
\Effects\Factory McDSP Effects\McDSP FutzBox\Voices\Crunchy\Loosy_Robot uses the audio effect plugin 'McDSP FutzBox', which is not installed.
The .xml file for plugin 'McDSP FutzBox' is missing or is invalid.
\Effects\Factory McDSP Effects\McDSP FutzBox\Voices\Crunchy\MI6_Headquarters uses the audio effect plugin 'McDSP FutzBox', which is not installed.
The .xml file for plugin 'McDSP FutzBox' is missing or is invalid.
\Effects\Factory McDSP Effects\McDSP FutzBox\Voices\Crunchy\Mind_The_Gap uses the audio effect plugin 'McDSP FutzBox', which is not installed.
The .xml file for plugin 'McDSP FutzBox' is missing or is invalid.
\Effects\Factory McDSP Effects\McDSP FutzBox\Voices\Crunchy\Mister_Evil uses the audio effect plugin 'McDSP FutzBox', which is not installed.
The .xml file for plugin 'McDSP FutzBox' is missing or is invalid.
\Effects\Factory McDSP Effects\McDSP FutzBox\Voices\Crunchy\Progressing_Backwards uses the audio effect plugin 'McDSP FutzBox', which is not installed.
The .xml file for plugin 'McDSP FutzBox' is missing or is invalid.
\Effects\Factory McDSP Effects\McDSP FutzBox\Voices\Crunchy\Sign_of_the_Times uses the audio effect plugin 'McDSP FutzBox', which is not installed.
The .xml file for plugin 'McDSP FutzBox' is missing or is invalid.
\Effects\Factory McDSP Effects\McDSP FutzBox\Voices\Crunchy\Something_Old_Something_New uses the audio effect plugin 'McDSP FutzBox', which is not installed.
The .xml file for plugin 'McDSP FutzBox' is missing or is invalid.
\Effects\Factory McDSP Effects\McDSP FutzBox\Voices\Crunchy\Stinky_Baby uses the audio effect plugin 'McDSP FutzBox', which is not installed.
The .xml file for plugin 'McDSP FutzBox' is missing or is invalid.
\Effects\Factory McDSP Effects\McDSP FutzBox\Voices\Crunchy\Super_Duper uses the audio effect plugin 'McDSP FutzBox', which is not installed.
The .xml file for plugin 'McDSP FutzBox' is missing or is invalid.
\Effects\Factory McDSP Effects\McDSP FutzBox\Voices\Crunchy\The_Negotiator uses the audio effect plugin 'McDSP FutzBox', which is not installed.
The .xml file for plugin 'McDSP FutzBox' is missing or is invalid.
\Effects\Factory McDSP Effects\McDSP FutzBox\Voices\Crunchy\When_Phones_Attack uses the audio effect plugin 'McDSP FutzBox', which is not installed.
The .xml file for plugin 'McDSP FutzBox' is missing or is invalid.
\Effects\Factory McDSP Effects\McDSP FutzBox\Voices\Noisy\Intercom_Near uses the audio effect plugin 'McDSP FutzBox', which is not installed.
The .xml file for plugin 'McDSP FutzBox' is missing or is invalid.
\Effects\Factory McDSP Effects\McDSP FutzBox\Voices\Noisy\Teleconference_Today uses the audio effect plugin 'McDSP FutzBox', which is not installed.
The .xml file for plugin 'McDSP FutzBox' is missing or is invalid.
\Effects\Factory McDSP Effects\McDSP FutzBox\Voices\Noisy\Ballpark_Far_Away uses the audio effect plugin 'McDSP FutzBox', which is not installed.
The .xml file for plugin 'McDSP FutzBox' is missing or is invalid.
\Effects\Factory McDSP Effects\McDSP FutzBox\Voices\Noisy\Beam_Me_Uo uses the audio effect plugin 'McDSP FutzBox', which is not installed.
The .xml file for plugin 'McDSP FutzBox' is missing or is invalid.
\Effects\Factory McDSP Effects\McDSP FutzBox\Voices\Noisy\Breaker_One_Niner uses the audio effect plugin 'McDSP FutzBox', which is not installed.
The .xml file for plugin 'McDSP FutzBox' is missing or is invalid.
\Effects\Factory McDSP Effects\McDSP FutzBox\Voices\Noisy\Call_Before_Curfew uses the audio effect plugin 'McDSP FutzBox', which is not installed.
The .xml file for plugin 'McDSP FutzBox' is missing or is invalid.
\Effects\Factory McDSP Effects\McDSP FutzBox\Voices\Noisy\Charlie uses the audio effect plugin 'McDSP FutzBox', which is not installed.
The .xml file for plugin 'McDSP FutzBox' is missing or is invalid.
\Effects\Factory McDSP Effects\McDSP FutzBox\Voices\Noisy\Chips_n_Dip uses the audio effect plugin 'McDSP FutzBox', which is not installed.
The .xml file for plugin 'McDSP FutzBox' is missing or is invalid.
\Effects\Factory McDSP Effects\McDSP FutzBox\Voices\Noisy\Digital_Breakup uses the audio effect plugin 'McDSP FutzBox', which is not installed.
The .xml file for plugin 'McDSP FutzBox' is missing or is invalid.
\Effects\Factory McDSP Effects\McDSP FutzBox\Voices\Noisy\Dirtier_Mother uses the audio effect plugin 'McDSP FutzBox', which is not installed.
The .xml file for plugin 'McDSP FutzBox' is missing or is invalid.
\Effects\Factory McDSP Effects\McDSP FutzBox\Voices\Noisy\Dirty_Mother uses the audio effect plugin 'McDSP FutzBox', which is not installed.
The .xml file for plugin 'McDSP FutzBox' is missing or is invalid.
\Effects\Factory McDSP Effects\McDSP FutzBox\Voices\Noisy\Dont_Cry_For_Me uses the audio effect plugin 'McDSP FutzBox', which is not installed.
The .xml file for plugin 'McDSP FutzBox' is missing or is invalid.
\Effects\Factory McDSP Effects\McDSP FutzBox\Voices\Noisy\Emergency_Channel uses the audio effect plugin 'McDSP FutzBox', which is not installed.
The .xml file for plugin 'McDSP FutzBox' is missing or is invalid.
\Effects\Factory McDSP Effects\McDSP FutzBox\Voices\Noisy\Family_Meeting uses the audio effect plugin 'McDSP FutzBox', which is not installed.
The .xml file for plugin 'McDSP FutzBox' is missing or is invalid.
\Effects\Factory McDSP Effects\McDSP FutzBox\Voices\Noisy\Golden_Gate_Phone uses the audio effect plugin 'McDSP FutzBox', which is not installed.
The .xml file for plugin 'McDSP FutzBox' is missing or is invalid.
\Effects\Factory McDSP Effects\McDSP FutzBox\Voices\Noisy\Hello_Mr_Bell uses the audio effect plugin 'McDSP FutzBox', which is not installed.
The .xml file for plugin 'McDSP FutzBox' is missing or is invalid.
\Effects\Factory McDSP Effects\McDSP FutzBox\Voices\Noisy\Hiss_Me_With_Your_Best_Shot uses the audio effect plugin 'McDSP FutzBox', which is not installed.
The .xml file for plugin 'McDSP FutzBox' is missing or is invalid.
\Effects\Factory McDSP Effects\McDSP FutzBox\Voices\Noisy\Hit_the_Road_Jack uses the audio effect plugin 'McDSP FutzBox', which is not installed.
The .xml file for plugin 'McDSP FutzBox' is missing or is invalid.
\Effects\Factory McDSP Effects\McDSP FutzBox\Voices\Noisy\Intercom_Far uses the audio effect plugin 'McDSP FutzBox', which is not installed.
The .xml file for plugin 'McDSP FutzBox' is missing or is invalid.
\Effects\Factory McDSP Effects\McDSP FutzBox\Voices\Noisy\Keep_yer_Quarter uses the audio effect plugin 'McDSP FutzBox', which is not installed.
The .xml file for plugin 'McDSP FutzBox' is missing or is invalid.
\Effects\Factory McDSP Effects\McDSP FutzBox\Voices\Noisy\Lost_In_Noise uses the audio effect plugin 'McDSP FutzBox', which is not installed.
The .xml file for plugin 'McDSP FutzBox' is missing or is invalid.
\Effects\Factory McDSP Effects\McDSP FutzBox\Voices\Noisy\Noisy_Phone uses the audio effect plugin 'McDSP FutzBox', which is not installed.
The .xml file for plugin 'McDSP FutzBox' is missing or is invalid.
\Effects\Factory McDSP Effects\McDSP FutzBox\Voices\Noisy\Noisy_Whisperer uses the audio effect plugin 'McDSP FutzBox', which is not installed.
The .xml file for plugin 'McDSP FutzBox' is missing or is invalid.
\Effects\Factory McDSP Effects\McDSP FutzBox\Voices\Noisy\Phone_Home uses the audio effect plugin 'McDSP FutzBox', which is not installed.
The .xml file for plugin 'McDSP FutzBox' is missing or is invalid.
\Effects\Factory McDSP Effects\McDSP FutzBox\Voices\Noisy\Ponch_and_John uses the audio effect plugin 'McDSP FutzBox', which is not installed.
The .xml file for plugin 'McDSP FutzBox' is missing or is invalid.
\Effects\Factory McDSP Effects\McDSP FutzBox\Voices\Noisy\Snake_TV uses the audio effect plugin 'McDSP FutzBox', which is not installed.
The .xml file for plugin 'McDSP FutzBox' is missing or is invalid.
\Effects\Factory McDSP Effects\McDSP FutzBox\Voices\Noisy\Sputter_Butter uses the audio effect plugin 'McDSP FutzBox', which is not installed.
The .xml file for plugin 'McDSP ML1' is missing or is invalid.
\Effects\Factory McDSP Effects\McDSP ML1\Mastering\Master_Clean uses the audio effect plugin 'McDSP ML1', which is not installed.
The .xml file for plugin 'McDSP ML1' is missing or is invalid.
\Effects\Factory McDSP Effects\McDSP ML1\Mastering\Master_Dynamic uses the audio effect plugin 'McDSP ML1', which is not installed.
The .xml file for plugin 'McDSP ML1' is missing or is invalid.
\Effects\Factory McDSP Effects\McDSP ML1\Mastering\Master_Smart uses the audio effect plugin 'McDSP ML1', which is not installed.
The .xml file for plugin 'McDSP ML1' is missing or is invalid.
\Effects\Factory McDSP Effects\McDSP ML1\Mastering\Master_Soft uses the audio effect plugin 'McDSP ML1', which is not installed.
The .xml file for plugin 'McDSP ML1' is missing or is invalid.
\Effects\Factory McDSP Effects\McDSP ML1\Music\Buss_Clean uses the audio effect plugin 'McDSP ML1', which is not installed.
The .xml file for plugin 'McDSP ML1' is missing or is invalid.
\Effects\Factory McDSP Effects\McDSP ML1\Music\Buss_Dynamic uses the audio effect plugin 'McDSP ML1', which is not installed.
The .xml file for plugin 'McDSP ML1' is missing or is invalid.
\Effects\Factory McDSP Effects\McDSP ML1\Music\Buss_Gentle uses the audio effect plugin 'McDSP ML1', which is not installed.
The .xml file for plugin 'McDSP ML1' is missing or is invalid.
\Effects\Factory McDSP Effects\McDSP ML1\Music\Buss_Loud uses the audio effect plugin 'McDSP ML1', which is not installed.
The .xml file for plugin 'McDSP ML1' is missing or is invalid.
\Effects\Factory McDSP Effects\McDSP ML1\Music\Drums_Crushed uses the audio effect plugin 'McDSP ML1', which is not installed.
The .xml file for plugin 'McDSP ML1' is missing or is invalid.
\Effects\Factory McDSP Effects\McDSP ML1\Music\Drums_Loud uses the audio effect plugin 'McDSP ML1', which is not installed.
The .xml file for plugin 'McDSP ML1' is missing or is invalid.
\Effects\Factory McDSP Effects\McDSP ML1\Music\Vocal_Dynamic uses the audio effect plugin 'McDSP ML1', which is not installed.
The .xml file for plugin 'McDSP ML1' is missing or is invalid.
\Effects\Factory McDSP Effects\McDSP ML1\Music\Vocal_Louder uses the audio effect plugin 'McDSP ML1', which is not installed.
The .xml file for plugin 'McDSP ML1' is missing or is invalid.
\Effects\Factory McDSP Effects\McDSP ML1\Music\Vocal_Louder_n_Dynamic uses the audio effect plugin 'McDSP ML1', which is not installed.
The .xml file for plugin 'McDSP ML1' is missing or is invalid.
\Effects\Factory McDSP Effects\McDSP ML1\Music\Vocal_Smooth uses the audio effect plugin 'McDSP ML1', which is not installed.
The .xml file for plugin 'McDSP ML1' is missing or is invalid.
\Effects\Factory McDSP Effects\McDSP ML1\Post\Dialog_Dynamic uses the audio effect plugin 'McDSP ML1', which is not installed.
The .xml file for plugin 'McDSP ML1' is missing or is invalid.
\Effects\Factory McDSP Effects\McDSP ML1\Post\Dialog_Maximizer_1 uses the audio effect plugin 'McDSP ML1', which is not installed.
The .xml file for plugin 'McDSP ML1' is missing or is invalid.
\Effects\Factory McDSP Effects\McDSP ML1\Post\Dialog_Maximizer_2 uses the audio effect plugin 'McDSP ML1', which is not installed.
The .xml file for plugin 'McDSP ML1' is missing or is invalid.
\Effects\Factory McDSP Effects\McDSP ML1\Post\Dialog_Maximizer_3 uses the audio effect plugin 'McDSP ML1', which is not installed.
The .xml file for plugin 'McDSP ML1' is missing or is invalid.
\Effects\Factory McDSP Effects\McDSP ML1\Post\Foley_FX_Loud uses the audio effect plugin 'McDSP ML1', which is not installed.
The .xml file for plugin 'McDSP ML1' is missing or is invalid.
\Effects\Factory McDSP Effects\McDSP ML1\Post\Foley_FX_Transparent uses the audio effect plugin 'McDSP ML1', which is not installed.
The .xml file for plugin 'McDSP ML1' is missing or is invalid.
\Effects\Factory McDSP Effects\McDSP ML1\Post\MusicBed_Limiter_1 uses the audio effect plugin 'McDSP ML1', which is not installed.
The .xml file for plugin 'McDSP ML1' is missing or is invalid.
\Effects\Factory McDSP Effects\McDSP ML1\Post\MusicBed_Limiter_2 uses the audio effect plugin 'McDSP ML1', which is not installed.
Some new object properties have been added or obsolete properties deleted. The project file was updated. These changes will not have an impact on your project.
